Downloading Jar: jline-3.21.0.jar
Downloading Jar: progressbar-0.9.2.jar
Downloading Jar: gson-2.8.7.jar
Downloading Jar: minecraft_server.1.12.2.jar
Downloading Jar: akka-actor_2.11-2.3.3.jar
Downloading Jar: asm-all-5.2.jar
Downloading Jar: bungeecord-chat-1.12-20180712.114550-97.jar
Downloading Jar: commons-lang3-3.5.jar
Downloading Jar: commons-lang-2.6.jar
Downloading Jar: SpecialSource-1.8.5.jar
Downloading Jar: config-1.3.1.jar
Downloading Jar: javassist-3.12.1.GA.jar
Downloading Jar: jline-3.5.1.jar
Downloading Jar: jline-2.13.jar
Downloading Jar: jna-4.4.0.jar
Downloading Jar: jopt-simple-5.0.3.jar
Downloading Jar: json-simple-1.1.1.jar
Downloading Jar: launchwrapper-1.12.jar
Downloading Jar: log4j-api-2.17.2.jar
Downloading Jar: log4j-core-2.17.2.jar
Downloading Jar: slf4j-api-1.7.30.jar
Downloading Jar: slf4j-nop-1.7.30.jar
Downloading Jar: log4j-iostreams-2.17.2.jar
Downloading Jar: lzma-0.0.1.jar
Downloading Jar: maven-artifact-3.5.3.jar
Downloading Jar: mysql-connector-java-5.1.46.jar
Downloading Jar: reflections-0.9.10.jar
Downloading Jar: scala-actors-migration_2.11-1.1.0.jar
Downloading Jar: scala-compiler-2.11.1.jar
Downloading Jar: scala-continuations-library_2.11-1.0.2.jar
Downloading Jar: scala-continuations-plugin_2.11.1-1.0.2.jar
Downloading Jar: scala-library-2.11.1.jar
Downloading Jar: scala-parser-combinators_2.11-1.0.1.jar
Downloading Jar: scala-reflect-2.11.1.jar
Downloading Jar: scala-swing_2.11-1.0.1.jar
Downloading Jar: scala-xml_2.11-1.0.2.jar
Downloading Jar: snakeyaml-1.23.jar
Downloading Jar: sqlite-jdbc-3.21.0.1.jar
Downloading Jar: trove4j-3.0.3.jar
Downloading Jar: vecmath-1.5.2.jar
