[17:39:22] [Server thread/INFO]: Starting minecraft server version 1.12.2
[17:39:22] [Server thread/INFO]: Loading properties
[17:39:23] [Server thread/INFO]: Default game type: SURVIVAL
[17:39:23] [Server thread/INFO]: This server is running CraftBukkit version git-Spigot-79a30d7-f4830a1 (MC: 1.12.2) (Implementing API version 1.12.2-R0.1-SNAPSHOT)
[17:39:26] [Server thread/INFO]: Debug logging is disabled
[17:39:26] [Server thread/INFO]: Using 4 threads for Netty based IO
[17:39:26] [Server thread/INFO]: Server Ping Player Sample Count: 12
[17:39:27] [Server thread/INFO]: Generating keypair
[17:39:27] [Server thread/INFO]: Starting Minecraft server on *:25565
[17:39:27] [Server thread/INFO]: Using epoll channel type
[17:39:27] [Server thread/ERROR]: Could not load 'plugins/worldedit-forge-mc1.12.2-6.1.10-dist.jar' in folder 'plugins'
org.bukkit.plugin.InvalidDescriptionException: Invalid plugin.yml
	at org.bukkit.plugin.java.JavaPluginLoader.getPluginDescription(JavaPluginLoader.java:152) ~[server.jar:git-Spigot-79a30d7-f4830a1]
	at org.bukkit.plugin.SimplePluginManager.loadPlugins(SimplePluginManager.java:133) [server.jar:git-Spigot-79a30d7-f4830a1]
	at org.bukkit.craftbukkit.v1_12_R1.CraftServer.loadPlugins(CraftServer.java:305) [server.jar:git-Spigot-79a30d7-f4830a1]
	at net.minecraft.server.v1_12_R1.DedicatedServer.init(DedicatedServer.java:205) [server.jar:git-Spigot-79a30d7-f4830a1]
	at net.minecraft.server.v1_12_R1.MinecraftServer.run(MinecraftServer.java:545) [server.jar:git-Spigot-79a30d7-f4830a1]
	at java.lang.Thread.run(Thread.java:829) [?:?]
Caused by: java.io.FileNotFoundException: Jar does not contain plugin.yml
	... 6 more
[17:39:28] [Server thread/INFO]: Set PluginClassLoader as parallel capable
[17:39:29] [Server thread/ERROR]: Could not load 'plugins/backpacksplus.jar' in folder 'plugins'
org.bukkit.plugin.UnknownDependencyException: ItemNBTAPI
	at org.bukkit.plugin.SimplePluginManager.loadPlugins(SimplePluginManager.java:216) [server.jar:git-Spigot-79a30d7-f4830a1]
	at org.bukkit.craftbukkit.v1_12_R1.CraftServer.loadPlugins(CraftServer.java:305) [server.jar:git-Spigot-79a30d7-f4830a1]
	at net.minecraft.server.v1_12_R1.DedicatedServer.init(DedicatedServer.java:205) [server.jar:git-Spigot-79a30d7-f4830a1]
	at net.minecraft.server.v1_12_R1.MinecraftServer.run(MinecraftServer.java:545) [server.jar:git-Spigot-79a30d7-f4830a1]
	at java.lang.Thread.run(Thread.java:829) [?:?]
[17:39:29] [Server thread/INFO]: [SetHome] Loading SetHome v5.1.2
[17:39:29] [Server thread/INFO]: [WorldEdit] Loading WorldEdit v6.1.9;caf0ad9
[17:39:29] [Server thread/INFO]: [OpenAudioMc] Loading OpenAudioMc v6.7.4
[17:39:29] [Server thread/INFO]: [FastLeafDecay] Loading FastLeafDecay v1.12-compat-1.0
[17:39:29] [Server thread/INFO]: [EnderChestVault] Loading EnderChestVault v1.2
[17:39:29] [Server thread/INFO]: [AutomatedCrafting] Loading AutomatedCrafting v2.4
[17:39:29] [Server thread/INFO]: [OneManSleep] Loading OneManSleep v1.0
[17:39:29] [Server thread/INFO]: [Graves] Loading Graves v4.7
[17:39:29] [Server thread/INFO]: [SimpleEnderChest] Loading SimpleEnderChest v1.3
[17:39:29] [Server thread/INFO]: [TreeCapitator] Loading TreeCapitator v1.0
[17:39:29] [Server thread/INFO]: [RampenDrills] Loading RampenDrills v4.5.2-Beta
[17:39:29] [Server thread/INFO]: [ChunkLoaderX] Loading ChunkLoaderX v1.0
[17:39:29] [Server thread/INFO]: [AutomatedCrafting] Enabling AutomatedCrafting v2.4
[17:39:30] [Server thread/WARN]: **** SERVER IS RUNNING IN OFFLINE/INSECURE MODE!
[17:39:30] [Server thread/WARN]: The server will make no attempt to authenticate usernames. Beware.
[17:39:30] [Server thread/WARN]: While this makes the game possible to play without internet access, it also opens up the ability for hackers to connect with any username they choose.
[17:39:30] [Server thread/WARN]: To change this, set "online-mode" to "true" in the server.properties file.
[17:39:30] [Server thread/INFO]: **** Beginning UUID conversion, this may take A LONG time ****
[17:39:30] [Server thread/INFO]: Preparing level "world"
[17:39:31] [Server thread/INFO]: -------- World Settings For [world] --------
[17:39:31] [Server thread/INFO]: Mob Spawn Range: 4
[17:39:31] [Server thread/INFO]: Cactus Growth Modifier: 100%
[17:39:31] [Server thread/INFO]: Cane Growth Modifier: 100%
[17:39:31] [Server thread/INFO]: Melon Growth Modifier: 100%
[17:39:31] [Server thread/INFO]: Mushroom Growth Modifier: 100%
[17:39:31] [Server thread/INFO]: Pumpkin Growth Modifier: 100%
[17:39:31] [Server thread/INFO]: Sapling Growth Modifier: 100%
[17:39:31] [Server thread/INFO]: Wheat Growth Modifier: 100%
[17:39:31] [Server thread/INFO]: NetherWart Growth Modifier: 100%
[17:39:31] [Server thread/INFO]: Vine Growth Modifier: 100%
[17:39:31] [Server thread/INFO]: Cocoa Growth Modifier: 100%
[17:39:31] [Server thread/INFO]: Entity Activation Range: An 32 / Mo 32 / Mi 16 / Tiv true
[17:39:31] [Server thread/INFO]: Entity Tracking Range: Pl 48 / An 48 / Mo 48 / Mi 32 / Other 64
[17:39:31] [Server thread/INFO]: Hopper Transfer: 8 Hopper Check: 1 Hopper Amount: 1
[17:39:31] [Server thread/INFO]: Random Lighting Updates: false
[17:39:31] [Server thread/INFO]: Structure Info Saving: true
[17:39:31] [Server thread/INFO]: Custom Map Seeds:  Village: 10387312 Feature: 14357617 Monument: 10387313 Slime: 987234911
[17:39:31] [Server thread/INFO]: Max TNT Explosions: 100
[17:39:31] [Server thread/INFO]: Tile Max Tick Time: 50ms Entity max Tick Time: 50ms
[17:39:31] [Server thread/INFO]: Arrow Despawn Rate: 1200
[17:39:31] [Server thread/INFO]: Item Despawn Rate: 6000
[17:39:31] [Server thread/INFO]: Item Merge Radius: 2.5
[17:39:31] [Server thread/INFO]: Allow Zombie Pigmen to spawn from portal blocks: true
[17:39:31] [Server thread/INFO]: View Distance: 64
[17:39:31] [Server thread/INFO]: Experience Merge Radius: 3.0
[17:39:31] [Server thread/INFO]: Zombie Aggressive Towards Villager: true
[17:39:31] [Server thread/INFO]: Nerfing mobs spawned from spawners: false
[17:39:32] [Server thread/INFO]: -------- World Settings For [world_nether] --------
[17:39:32] [Server thread/INFO]: Mob Spawn Range: 4
[17:39:32] [Server thread/INFO]: Cactus Growth Modifier: 100%
[17:39:32] [Server thread/INFO]: Cane Growth Modifier: 100%
[17:39:32] [Server thread/INFO]: Melon Growth Modifier: 100%
[17:39:32] [Server thread/INFO]: Mushroom Growth Modifier: 100%
[17:39:32] [Server thread/INFO]: Pumpkin Growth Modifier: 100%
[17:39:32] [Server thread/INFO]: Sapling Growth Modifier: 100%
[17:39:32] [Server thread/INFO]: Wheat Growth Modifier: 100%
[17:39:32] [Server thread/INFO]: NetherWart Growth Modifier: 100%
[17:39:32] [Server thread/INFO]: Vine Growth Modifier: 100%
[17:39:32] [Server thread/INFO]: Cocoa Growth Modifier: 100%
[17:39:32] [Server thread/INFO]: Entity Activation Range: An 32 / Mo 32 / Mi 16 / Tiv true
[17:39:32] [Server thread/INFO]: Entity Tracking Range: Pl 48 / An 48 / Mo 48 / Mi 32 / Other 64
[17:39:32] [Server thread/INFO]: Hopper Transfer: 8 Hopper Check: 1 Hopper Amount: 1
[17:39:32] [Server thread/INFO]: Random Lighting Updates: false
[17:39:32] [Server thread/INFO]: Structure Info Saving: true
[17:39:32] [Server thread/INFO]: Custom Map Seeds:  Village: 10387312 Feature: 14357617 Monument: 10387313 Slime: 987234911
[17:39:32] [Server thread/INFO]: Max TNT Explosions: 100
[17:39:32] [Server thread/INFO]: Tile Max Tick Time: 50ms Entity max Tick Time: 50ms
[17:39:32] [Server thread/INFO]: Arrow Despawn Rate: 1200
[17:39:32] [Server thread/INFO]: Item Despawn Rate: 6000
[17:39:32] [Server thread/INFO]: Item Merge Radius: 2.5
[17:39:32] [Server thread/INFO]: Allow Zombie Pigmen to spawn from portal blocks: true
[17:39:32] [Server thread/INFO]: View Distance: 64
[17:39:32] [Server thread/INFO]: Experience Merge Radius: 3.0
[17:39:32] [Server thread/INFO]: Zombie Aggressive Towards Villager: true
[17:39:32] [Server thread/INFO]: Nerfing mobs spawned from spawners: false
[17:39:33] [Server thread/INFO]: -------- World Settings For [world_the_end] --------
[17:39:33] [Server thread/INFO]: Mob Spawn Range: 4
[17:39:33] [Server thread/INFO]: Cactus Growth Modifier: 100%
[17:39:33] [Server thread/INFO]: Cane Growth Modifier: 100%
[17:39:33] [Server thread/INFO]: Melon Growth Modifier: 100%
[17:39:33] [Server thread/INFO]: Mushroom Growth Modifier: 100%
[17:39:33] [Server thread/INFO]: Pumpkin Growth Modifier: 100%
[17:39:33] [Server thread/INFO]: Sapling Growth Modifier: 100%
[17:39:33] [Server thread/INFO]: Wheat Growth Modifier: 100%
[17:39:33] [Server thread/INFO]: NetherWart Growth Modifier: 100%
[17:39:33] [Server thread/INFO]: Vine Growth Modifier: 100%
[17:39:33] [Server thread/INFO]: Cocoa Growth Modifier: 100%
[17:39:33] [Server thread/INFO]: Entity Activation Range: An 32 / Mo 32 / Mi 16 / Tiv true
[17:39:33] [Server thread/INFO]: Entity Tracking Range: Pl 48 / An 48 / Mo 48 / Mi 32 / Other 64
[17:39:33] [Server thread/INFO]: Hopper Transfer: 8 Hopper Check: 1 Hopper Amount: 1
[17:39:33] [Server thread/INFO]: Random Lighting Updates: false
[17:39:33] [Server thread/INFO]: Structure Info Saving: true
[17:39:33] [Server thread/INFO]: Custom Map Seeds:  Village: 10387312 Feature: 14357617 Monument: 10387313 Slime: 987234911
[17:39:33] [Server thread/INFO]: Max TNT Explosions: 100
[17:39:33] [Server thread/INFO]: Tile Max Tick Time: 50ms Entity max Tick Time: 50ms
[17:39:33] [Server thread/INFO]: Arrow Despawn Rate: 1200
[17:39:33] [Server thread/INFO]: Item Despawn Rate: 6000
[17:39:33] [Server thread/INFO]: Item Merge Radius: 2.5
[17:39:33] [Server thread/INFO]: Allow Zombie Pigmen to spawn from portal blocks: true
[17:39:33] [Server thread/INFO]: View Distance: 64
[17:39:33] [Server thread/INFO]: Experience Merge Radius: 3.0
[17:39:33] [Server thread/INFO]: Zombie Aggressive Towards Villager: true
[17:39:33] [Server thread/INFO]: Nerfing mobs spawned from spawners: false
[17:39:33] [Server thread/INFO]: Preparing start region for level 0 (Seed: 5691424625935932744)
[17:39:34] [Server thread/INFO]: Preparing spawn area: 0%
[17:39:35] [Server thread/INFO]: Preparing spawn area: 6%
[17:39:36] [Server thread/INFO]: Preparing spawn area: 12%
[17:39:38] [Server thread/INFO]: Preparing spawn area: 18%
[17:39:39] [Server thread/INFO]: Preparing spawn area: 38%
[17:39:40] [Server thread/INFO]: Preparing spawn area: 73%
[17:39:41] [Server thread/INFO]: Preparing start region for level 1 (Seed: 5691424625935932744)
[17:39:43] [Server thread/INFO]: Preparing spawn area: 0%
[17:39:44] [Server thread/INFO]: Preparing spawn area: 0%
[17:39:45] [Server thread/INFO]: Preparing spawn area: 0%
[17:39:46] [Server thread/INFO]: Preparing spawn area: 8%
[17:39:47] [Server thread/INFO]: Preparing spawn area: 60%
[17:39:48] [Server thread/INFO]: Preparing spawn area: 72%
[17:39:50] [Server thread/INFO]: Preparing spawn area: 72%
[17:39:51] [Server thread/INFO]: Preparing spawn area: 72%
[17:39:52] [Server thread/INFO]: Preparing start region for level 2 (Seed: 5691424625935932744)
[17:39:53] [Server thread/INFO]: Preparing spawn area: 20%
[17:39:54] [Server thread/INFO]: Preparing spawn area: 32%
[17:39:55] [Server thread/INFO]: Preparing spawn area: 72%
[17:39:56] [Server thread/INFO]: Preparing spawn area: 78%
[17:39:56] [Server thread/INFO]: [SetHome] Enabling SetHome v5.1.2
[17:39:57] [Server thread/INFO]: [WorldEdit] Enabling WorldEdit v6.1.9;caf0ad9
[17:39:57] [Server thread/INFO]: WEPIF: Using the Bukkit Permissions API.
[17:39:57] [Server thread/INFO]: [WorldEdit] Using com.sk89q.worldedit.bukkit.adapter.impl.Spigot_v1_12_R2 as the Bukkit adapter
[17:39:57] [Server thread/INFO]: [OpenAudioMc] Enabling OpenAudioMc v6.7.4
[17:39:57] [Server thread/INFO]: [OpenAudioMc] [OpenAudioMc] Initializing build 582 by Mats
[17:39:59] [Server thread/INFO]: [OpenAudioMc] [OpenAudioMc] Using the main config file..
[17:39:59] [Server thread/INFO]: [OpenAudioMc] [OpenAudioMc] Starting configuration module
[17:39:59] [Server thread/INFO]: [OpenAudioMc] [OpenAudioMc] Using the main config file..
[17:39:59] [Server thread/INFO]: [OpenAudioMc] [OpenAudioMc] Starting configuration module
[17:39:59] [Server thread/INFO]: [OpenAudioMc] [OpenAudioMc] Skipped 26/26 migrations.
[17:39:59] [Server thread/INFO]: [OpenAudioMc] [OpenAudioMc] ModuleLoaderService: Loading modules from /media/Minecraft/server/The-Greatest-Empire-SMP/plugins/OpenAudioMc/modules
[17:39:59] [Server thread/INFO]: [OpenAudioMc] [OpenAudioMc] Initializing socket connector
[17:40:00] [Server thread/INFO]: [OpenAudioMc] [OpenAudioMc] Starting authentication module
[17:40:00] [Server thread/INFO]: [OpenAudioMc] [OpenAudioMc] This server already has an account, skipping sign up.
[17:40:01] [Server thread/INFO]: [OpenAudioMc] [OpenAudioMc] DatabaseService: Adding spigot tables
[17:40:01] [Server thread/INFO]: [OpenAudioMc] [OpenAudioMc] Registering storage table for Alias
[17:40:01] [Server thread/INFO]: [OpenAudioMc] [OpenAudioMc] DatabaseService: Registering class <-> table (alias<->Alias.java)
[17:40:01] [Server thread/INFO]: [OpenAudioMc] [OpenAudioMc] Registering storage table for ClientDataStore
[17:40:01] [Server thread/INFO]: [OpenAudioMc] [OpenAudioMc] DatabaseService: Registering class <-> table (client_data_store<->ClientDataStore.java)
[17:40:01] [Server thread/INFO]: [OpenAudioMc] [OpenAudioMc] Registering storage table for MojangProfile
[17:40:01] [Server thread/INFO]: [OpenAudioMc] [OpenAudioMc] DatabaseService: Registering class <-> table (mojang_profile<->MojangProfile.java)
[17:40:01] [Server thread/INFO]: [OpenAudioMc] [OpenAudioMc] Registering storage table for RegionProperties
[17:40:01] [Server thread/INFO]: [OpenAudioMc] [OpenAudioMc] DatabaseService: Registering class <-> table (region_properties<->RegionProperties.java)
[17:40:01] [Server thread/INFO]: [OpenAudioMc] [OpenAudioMc] Registering storage table for Speaker
[17:40:01] [Server thread/INFO]: [OpenAudioMc] [OpenAudioMc] DatabaseService: Registering class <-> table (speaker<->Speaker.java)
[17:40:01] [Server thread/INFO]: [OpenAudioMc] [OpenAudioMc] Registering storage table for StoredWorldChunk
[17:40:01] [Server thread/INFO]: [OpenAudioMc] [OpenAudioMc] DatabaseService: Registering class <-> table (stored_world_chunk<->StoredWorldChunk.java)
[17:40:01] [Server thread/INFO]: [OpenAudioMc] [OpenAudioMc] Registering storage table for TimedRegionProperties
[17:40:01] [Server thread/INFO]: [OpenAudioMc] [OpenAudioMc] DatabaseService: Registering class <-> table (timed_region_properties<->TimedRegionProperties.java)
[17:40:01] [Server thread/INFO]: [OpenAudioMc] [OpenAudioMc] Registering storage table for MediaRule
[17:40:01] [Server thread/INFO]: [OpenAudioMc] [OpenAudioMc] DatabaseService: Registering class <-> table (media_rule<->MediaRule.java)
[17:40:01] [Server thread/INFO]: [OpenAudioMc] [OpenAudioMc] Initializing account details
[17:40:01] [Server thread/INFO]: [OpenAudioMc] [OpenAudioMc] Loading aliases...
[17:40:01] [Server thread/INFO]: [OpenAudioMc] [OpenAudioMc] Loaded 0 aliases
[17:40:01] [Server thread/INFO]: [OpenAudioMc] [OpenAudioMc] Detected version type: LEGACY
[17:40:01] [Server thread/INFO]: [OpenAudioMc] [OpenAudioMc] Enabling the 1.12 speaker system
[17:40:01] [Server thread/INFO]: [OpenAudioMc] [OpenAudioMc] Hooking speakers attempt 1..
[17:40:01] [Server thread/INFO]: [OpenAudioMc] [OpenAudioMc] Using ip: 94.21.136.224
[17:40:01] [Server thread/INFO]: [OpenAudioMc] [OpenAudioMc] Attempting to start a cdn injector at port 8050. Timeout=5-seconds
